[debug] [2019-07-03T15:02:39.630Z] ----------------------------------------------------------------------
[debug] [2019-07-03T15:02:39.632Z] Command:       Z:\Program Files\nodejs\node.exe Z:\usr\local\node_modules\firebase-tools\lib\bin\firebase.js deploy
[debug] [2019-07-03T15:02:39.633Z] CLI Version:   6.9.0
[debug] [2019-07-03T15:02:39.633Z] Platform:      win32
[debug] [2019-07-03T15:02:39.633Z] Node Version:  v10.15.3
[debug] [2019-07-03T15:02:39.634Z] Time:          Wed Jul 03 2019 22:02:39 GMT+0700 (Indochina Time)
[debug] [2019-07-03T15:02:39.634Z] ----------------------------------------------------------------------
[debug] 
[debug] [2019-07-03T15:02:39.647Z] > command requires scopes: ["email","openid","https://www.googleapis.com/auth/cloudplatformprojects.readonly","https://www.googleapis.com/auth/firebase","https://www.googleapis.com/auth/cloud-platform"]
[debug] [2019-07-03T15:02:39.648Z] > authorizing via signed-in user
[debug] [2019-07-03T15:02:39.648Z] [iam] checking project online-medical for permissions ["firebase.projects.get","firebasedatabase.instances.update","firebasehosting.sites.update","firebaserules.releases.create","firebaserules.releases.update","firebaserules.rulesets.create"]
[debug] [2019-07-03T15:02:39.654Z] >>> HTTP REQUEST POST https://cloudresourcemanager.googleapis.com/v1/projects/online-medical:testIamPermissions  

[debug] [2019-07-03T15:02:41.345Z] <<< HTTP RESPONSE 200
[debug] [2019-07-03T15:02:41.347Z] >>> HTTP REQUEST GET https://firebase.googleapis.com/v1beta1/projects/online-medical  
 
[debug] [2019-07-03T15:02:42.138Z] <<< HTTP RESPONSE 200
[info] 
[info] === Deploying to 'online-medical'...
[info] 
[info] i  deploying database, storage, hosting
[info] i  database: checking rules syntax...
[debug] [2019-07-03T15:02:42.144Z] >>> HTTP REQUEST PUT https://online-medical.firebaseio.com/.settings/rules.json?dryRun=true  
 {
  "rules": {
    ".read": "auth == null",
    ".write": "auth == null"
  }
}
[debug] [2019-07-03T15:02:43.678Z] <<< HTTP RESPONSE 200
[info] +  database: rules syntax for database online-medical is valid
[debug] [2019-07-03T15:02:43.680Z] >>> HTTP REQUEST GET https://appengine.googleapis.com/v1/apps/online-medical  
 
[debug] [2019-07-03T15:02:45.868Z] <<< HTTP RESPONSE 200
[info] i  storage: checking storage.rules for compilation errors...
[debug] [2019-07-03T15:02:45.870Z] >>> HTTP REQUEST POST https://firebaserules.googleapis.com/v1/projects/online-medical:test  

[debug] [2019-07-03T15:02:47.734Z] <<< HTTP RESPONSE 200
[info] +  storage: rules file storage.rules compiled successfully
[debug] [2019-07-03T15:02:47.736Z] >>> HTTP REQUEST POST https://firebasehosting.googleapis.com/v1beta1/sites/online-medical/versions  

[debug] [2019-07-03T15:02:49.994Z] <<< HTTP RESPONSE 200
[info] i  storage: uploading rules storage.rules...
[debug] [2019-07-03T15:02:50.000Z] >>> HTTP REQUEST POST https://firebaserules.googleapis.com/v1/projects/online-medical/rulesets  

[debug] [2019-07-03T15:02:51.424Z] <<< HTTP RESPONSE 200
[debug] [2019-07-03T15:02:51.425Z] [rules] created ruleset projects/online-medical/rulesets/aaa24af9-925b-4655-a911-af08900c5ddc
[info] i  hosting[online-medical]: beginning deploy...
[info] i  hosting[online-medical]: found 31 files in dist
[debug] [2019-07-03T15:02:51.465Z] [hosting] hash cache [ZGlzdA] load error: lines is not defined
[debug] [2019-07-03T15:02:53.122Z] [hosting] hash cache [ZGlzdA] stored for 31 files
[debug] [2019-07-03T15:02:53.122Z] [hosting][hash queue][FINAL]
[debug] [2019-07-03T15:02:53.123Z] >>> HTTP REQUEST POST https://firebasehosting.googleapis.com/v1beta1/sites/online-medical/versions/2314f51dc02177a2:populateFiles  
 <request body omitted>
